wandb: Currently logged in as: preminstrel. Use `wandb login --relogin` to force relogin
wandb: wandb version 0.13.11 is available!  To upgrade, please run:
wandb:  $ pip install wandb --upgrade
wandb: Tracking run with wandb version 0.13.4
wandb: Run data is saved locally in /home/hssun/thesis/wandb/run-20230308_154641-1td6v1rb
wandb: Run `wandb offline` to turn off syncing.
wandb: Syncing run fearless-eon-43
wandb: ⭐️ View project at https://wandb.ai/preminstrel/fundus_segmentation_domain_adaptation
wandb: 🚀 View run at https://wandb.ai/preminstrel/fundus_segmentation_domain_adaptation/runs/1td6v1rb
All Datasets length: 78094
Train Dice Loss: 0.7347422242164612,  Train IoU Loss: 0.8470004498958588, 
Train Dice Loss: 0.7153123915195465,  Train IoU Loss: 0.8339896202087402, 
Train Dice Loss: 0.6755247414112091,  Train IoU Loss: 0.8063358068466187, 
Train Dice Loss: 0.6040972769260406,  Train IoU Loss: 0.7531894743442535, 
Train Dice Loss: 0.7426179647445679,  Train IoU Loss: 0.8505837023258209, 
Train Dice Loss: 0.7123287320137024,  Train IoU Loss: 0.8319390416145325, 
Train Dice Loss: 0.5997205674648285,  Train IoU Loss: 0.7489424049854279, 
Train Dice Loss: 0.595919281244278,  Train IoU Loss: 0.746768981218338, 
Train Dice Loss: 0.6248494982719421,  Train IoU Loss: 0.7683064043521881, 
Train Dice Loss: 0.5980195105075836,  Train IoU Loss: 0.746175616979599, 
Train Dice Loss: 0.5833102166652679,  Train IoU Loss: 0.7345820069313049, 
Train Dice Loss: 0.5564091801643372,  Train IoU Loss: 0.7149845659732819, 
Train Dice Loss: 0.6348271071910858,  Train IoU Loss: 0.774614542722702, 
Train Dice Loss: 0.6200417280197144,  Train IoU Loss: 0.7653498351573944, 
Train Dice Loss: 0.5829830765724182,  Train IoU Loss: 0.7358991503715515, 
Train Dice Loss: 0.49988237023353577,  Train IoU Loss: 0.6665554642677307, 
Train Dice Loss: 0.5772899389266968,  Train IoU Loss: 0.7318546175956726, 
Train Dice Loss: 0.49049797654151917,  Train IoU Loss: 0.6575547456741333, 
Train Dice Loss: 0.5095597207546234,  Train IoU Loss: 0.6748018562793732, 
Train Dice Loss: 0.5204122960567474,  Train IoU Loss: 0.681803286075592, 
Train Dice Loss: 0.4690183997154236,  Train IoU Loss: 0.638497531414032, 
Train Dice Loss: 0.46118369698524475,  Train IoU Loss: 0.6307125091552734, 
Train Dice Loss: 0.47321924567222595,  Train IoU Loss: 0.6424285173416138, 
Train Dice Loss: 0.5569051802158356,  Train IoU Loss: 0.7153588235378265, 
Train Dice Loss: 0.46143028140068054,  Train IoU Loss: 0.6310507655143738, 
Train Dice Loss: 0.5109150409698486,  Train IoU Loss: 0.6761365234851837, 
Train Dice Loss: 0.4703300893306732,  Train IoU Loss: 0.6374619007110596, 
Train Dice Loss: 0.4418265223503113,  Train IoU Loss: 0.6119284927845001, 
Train Dice Loss: 0.48330575227737427,  Train IoU Loss: 0.6515722274780273, 
Train Dice Loss: 0.4501073360443115,  Train IoU Loss: 0.6202802658081055, 
Train Dice Loss: 0.5102512240409851,  Train IoU Loss: 0.6748106479644775, 
Train Dice Loss: 0.4659533202648163,  Train IoU Loss: 0.6355118155479431, 
Train Dice Loss: 0.4851456582546234,  Train IoU Loss: 0.6531244814395905, 
Train Dice Loss: 0.4579939544200897,  Train IoU Loss: 0.6282514333724976, 
Train Dice Loss: 0.4254511296749115,  Train IoU Loss: 0.596174955368042, 
Train Dice Loss: 0.4266568422317505,  Train IoU Loss: 0.5972583293914795, 
Train Dice Loss: 0.5635456740856171,  Train IoU Loss: 0.720769613981247, 
Train Dice Loss: 0.4411883056163788,  Train IoU Loss: 0.6120963096618652, 
Train Dice Loss: 0.5082211494445801,  Train IoU Loss: 0.6692449748516083, 
Train Dice Loss: 0.467751681804657,  Train IoU Loss: 0.6369414925575256, 
Train Dice Loss: 0.4443325102329254,  Train IoU Loss: 0.6149629950523376, 
Train Dice Loss: 0.4926048219203949,  Train IoU Loss: 0.6600314974784851, 
Train Dice Loss: 0.4050746560096741,  Train IoU Loss: 0.5763733088970184, 
Train Dice Loss: 0.4356229603290558,  Train IoU Loss: 0.6067458689212799, 
Train Dice Loss: 0.4483628273010254,  Train IoU Loss: 0.6174969673156738, 
Train Dice Loss: 0.4795242249965668,  Train IoU Loss: 0.6466307044029236, 
Train Dice Loss: 0.490197092294693,  Train IoU Loss: 0.6578827798366547, 
Train Dice Loss: 0.52093106508255,  Train IoU Loss: 0.6841234564781189, 
Train Dice Loss: 0.4139879047870636,  Train IoU Loss: 0.5850531458854675, 
Train Dice Loss: 0.5478365421295166,  Train IoU Loss: 0.7070531845092773, 
Train Dice Loss: 0.49519112706184387,  Train IoU Loss: 0.6606403589248657, 
Train Dice Loss: 0.443484902381897,  Train IoU Loss: 0.6125201284885406, 
Train Dice Loss: 0.47082820534706116,  Train IoU Loss: 0.6401737928390503, 
Train Dice Loss: 0.44257277250289917,  Train IoU Loss: 0.6135867238044739, 
Train Dice Loss: 0.41467323899269104,  Train IoU Loss: 0.5849702656269073, 
Train Dice Loss: 0.45139771699905396,  Train IoU Loss: 0.6218132972717285, 
Train Dice Loss: 0.44867560267448425,  Train IoU Loss: 0.618964672088623, 
Train Dice Loss: 0.4236849546432495,  Train IoU Loss: 0.5933622419834137, 
Train Dice Loss: 0.4430080056190491,  Train IoU Loss: 0.6119584739208221, 
Train Dice Loss: 0.47823289036750793,  Train IoU Loss: 0.64552041888237, 
Train Dice Loss: 0.42823004722595215,  Train IoU Loss: 0.599595308303833, 
Train Dice Loss: 0.4528261423110962,  Train IoU Loss: 0.6233177483081818, 
Train Dice Loss: 0.3966560959815979,  Train IoU Loss: 0.5679307579994202, 
Train Dice Loss: 0.45004040002822876,  Train IoU Loss: 0.6207125186920166, 
Train Dice Loss: 0.4593164920806885,  Train IoU Loss: 0.6238150894641876, 
Train Dice Loss: 0.44270437955856323,  Train IoU Loss: 0.6135410368442535, 
Train Dice Loss: 0.41637253761291504,  Train IoU Loss: 0.5868798494338989, 
Train Dice Loss: 0.40600159764289856,  Train IoU Loss: 0.5752255916595459, 
Train Dice Loss: 0.45528644323349,  Train IoU Loss: 0.6238444447517395, 
Train Dice Loss: 0.4531831741333008,  Train IoU Loss: 0.6228320598602295, 
Train Dice Loss: 0.4609159827232361,  Train IoU Loss: 0.6307513117790222, 
Train Dice Loss: 0.4221307933330536,  Train IoU Loss: 0.5935229957103729, 
Train Dice Loss: 0.45112961530685425,  Train IoU Loss: 0.6211292147636414, 
Train Dice Loss: 0.4080214202404022,  Train IoU Loss: 0.5763032734394073, 
Train Dice Loss: 0.39687445759773254,  Train IoU Loss: 0.5673819482326508, 
Train Dice Loss: 0.4162670373916626,  Train IoU Loss: 0.587709367275238, 
Train Dice Loss: 0.37893325090408325,  Train IoU Loss: 0.5495986640453339, 
Train Dice Loss: 0.3470008373260498,  Train IoU Loss: 0.5151329934597015, 
Train Dice Loss: 0.41807180643081665,  Train IoU Loss: 0.5890738070011139, 
Train Dice Loss: 0.4222087264060974,  Train IoU Loss: 0.5932640433311462, 
Train Dice Loss: 0.4159908890724182,  Train IoU Loss: 0.5872210264205933, 
Train Dice Loss: 0.44048061966896057,  Train IoU Loss: 0.6114018559455872, 
Train Dice Loss: 0.43348702788352966,  Train IoU Loss: 0.6048001646995544, 
Train Dice Loss: 0.4289560616016388,  Train IoU Loss: 0.5997689962387085, 
Train Dice Loss: 0.4132303297519684,  Train IoU Loss: 0.5804892182350159, 
Train Dice Loss: 0.3920144736766815,  Train IoU Loss: 0.5632199347019196, 
Train Dice Loss: 0.4640772342681885,  Train IoU Loss: 0.6307263970375061, 
Train Dice Loss: 0.3985145092010498,  Train IoU Loss: 0.5699084401130676, 
Train Dice Loss: 0.4476070702075958,  Train IoU Loss: 0.6183809340000153, 
Train Dice Loss: 0.40495285391807556,  Train IoU Loss: 0.5763077437877655, 
Train Dice Loss: 0.46139660477638245,  Train IoU Loss: 0.6314352750778198, 
Train Dice Loss: 0.43895694613456726,  Train IoU Loss: 0.6083490252494812, 
Train Dice Loss: 0.45055514574050903,  Train IoU Loss: 0.6207718849182129, 
Train Dice Loss: 0.4765618145465851,  Train IoU Loss: 0.6451961398124695, 
Train Dice Loss: 0.42063626646995544,  Train IoU Loss: 0.592157244682312, 
Train Dice Loss: 0.3907034695148468,  Train IoU Loss: 0.5618500709533691, 
Train Dice Loss: 0.4262706935405731,  Train IoU Loss: 0.5976677536964417, 
Train Dice Loss: 0.416785329580307,  Train IoU Loss: 0.5849480926990509, 
Train Dice Loss: 0.4315563142299652,  Train IoU Loss: 0.6023253202438354, 
Train Dice Loss: 0.42641890048980713,  Train IoU Loss: 0.5969463884830475, 
Train Dice Loss: 0.39227521419525146,  Train IoU Loss: 0.5625171661376953, 
Train Dice Loss: 0.4296462833881378,  Train IoU Loss: 0.598454087972641, 
Train Dice Loss: 0.40389737486839294,  Train IoU Loss: 0.5743898153305054, 
Train Dice Loss: 0.4560524523258209,  Train IoU Loss: 0.626354843378067, 
Train Dice Loss: 0.4371587634086609,  Train IoU Loss: 0.6083122193813324, 
Train Dice Loss: 0.4028003215789795,  Train IoU Loss: 0.5737687349319458, 
Train Dice Loss: 0.39737820625305176,  Train IoU Loss: 0.5685300230979919, 
Train Dice Loss: 0.4775817394256592,  Train IoU Loss: 0.6460850834846497, 
Train Dice Loss: 0.35349607467651367,  Train IoU Loss: 0.5211017429828644, 
Train Dice Loss: 0.4435576796531677,  Train IoU Loss: 0.6144329309463501, 
Train Dice Loss: 0.4068461060523987,  Train IoU Loss: 0.5778999924659729, 
Train Dice Loss: 0.417003870010376,  Train IoU Loss: 0.5885219573974609, 
Train Dice Loss: 0.40143918991088867,  Train IoU Loss: 0.5727081298828125, 
Train Dice Loss: 0.41165822744369507,  Train IoU Loss: 0.5827276110649109, 
Train Dice Loss: 0.4247990846633911,  Train IoU Loss: 0.5959008634090424, 
Train Dice Loss: 0.41924458742141724,  Train IoU Loss: 0.5894016027450562, 
Train Dice Loss: 0.44273409247398376,  Train IoU Loss: 0.6137349009513855, 
Train Dice Loss: 0.4197217524051666,  Train IoU Loss: 0.5865063667297363, 
Train Dice Loss: 0.41608282923698425,  Train IoU Loss: 0.5872921347618103, 
Train Dice Loss: 0.46884721517562866,  Train IoU Loss: 0.6377250552177429, 
Train Dice Loss: 0.3833920955657959,  Train IoU Loss: 0.5534186959266663, 
Train Dice Loss: 0.4081956446170807,  Train IoU Loss: 0.5795051455497742, 
Train Dice Loss: 0.4518345296382904,  Train IoU Loss: 0.6222040355205536, 
Train Dice Loss: 0.3767271935939789,  Train IoU Loss: 0.5472233295440674, 
Train Dice Loss: 0.40669533610343933,  Train IoU Loss: 0.5772923827171326, 
Train Dice Loss: 0.3475209176540375,  Train IoU Loss: 0.5157927572727203, 
Train Dice Loss: 0.3938048779964447,  Train IoU Loss: 0.5627371966838837, 
Train Dice Loss: 0.36538782715797424,  Train IoU Loss: 0.5351720452308655, 
Train Dice Loss: 0.4185772240161896,  Train IoU Loss: 0.5887643098831177, 
Train Dice Loss: 0.3709951937198639,  Train IoU Loss: 0.5412024259567261, 
Train Dice Loss: 0.3908926546573639,  Train IoU Loss: 0.56207275390625, 
Train Dice Loss: 0.3862780034542084,  Train IoU Loss: 0.5560180246829987, 
Train Dice Loss: 0.3786091208457947,  Train IoU Loss: 0.5483627617359161, 
Train Dice Loss: 0.4733481705188751,  Train IoU Loss: 0.6412740349769592, 
Train Dice Loss: 0.42273539304733276,  Train IoU Loss: 0.5930346250534058, 
Train Dice Loss: 0.40605366230010986,  Train IoU Loss: 0.5771496295928955, 
Train Dice Loss: 0.3744931221008301,  Train IoU Loss: 0.5435060858726501, 
Train Dice Loss: 0.38844698667526245,  Train IoU Loss: 0.5594899952411652, 
Train Dice Loss: 0.41991662979125977,  Train IoU Loss: 0.5913858413696289, 
Train Dice Loss: 0.36105531454086304,  Train IoU Loss: 0.5304293632507324, 
Train Dice Loss: 0.39470961689949036,  Train IoU Loss: 0.5650980770587921, 
Train Dice Loss: 0.36193475127220154,  Train IoU Loss: 0.5312269330024719, 
Train Dice Loss: 0.40123623609542847,  Train IoU Loss: 0.5726755857467651, 
Train Dice Loss: 0.37459948658943176,  Train IoU Loss: 0.5449153482913971, 
Train Dice Loss: 0.37403807044029236,  Train IoU Loss: 0.5429742634296417, 
Train Dice Loss: 0.4158863425254822,  Train IoU Loss: 0.587429940700531, 
Train Dice Loss: 0.37294214963912964,  Train IoU Loss: 0.5430737733840942, 
Train Dice Loss: 0.39523977041244507,  Train IoU Loss: 0.5661525428295135, 
Train Dice Loss: 0.40520867705345154,  Train IoU Loss: 0.5765730440616608, 
Train Dice Loss: 0.3499010503292084,  Train IoU Loss: 0.5175097584724426, 
Train Dice Loss: 0.3355904221534729,  Train IoU Loss: 0.5024993419647217, 
Train Dice Loss: 0.4118528664112091,  Train IoU Loss: 0.5833591520786285, 
Train Dice Loss: 0.44187307357788086,  Train IoU Loss: 0.6094656884670258, 
Train Dice Loss: 0.4187543988227844,  Train IoU Loss: 0.5902938544750214, 
Train Dice Loss: 0.4023588001728058,  Train IoU Loss: 0.5734511017799377, 
Train Dice Loss: 0.378974050283432,  Train IoU Loss: 0.5496411621570587, 
Train Dice Loss: 0.3730407953262329,  Train IoU Loss: 0.5432911813259125, 
Train Dice Loss: 0.3880218267440796,  Train IoU Loss: 0.5586167573928833, 
Train Dice Loss: 0.3990263342857361,  Train IoU Loss: 0.5704252123832703, 
Train Dice Loss: 0.377096027135849,  Train IoU Loss: 0.5475164949893951, 
